  ----   DEBUG: Training starts! NUM_EXAMPLES: 82783 BATCH_SIZE: 10
  ----   DEBUG: epoch: 0.001, 9/16556, elapsed: 35.4s [1385505.8, 159.82803, 2266.6699, 423.21826, 6448.9531, 60751.836]
  ----   DEBUG: epoch: 0.002, 19/16556, elapsed: 22.8s [1051753.1, 185.53717, 1420.1492, 303.25537, 4040.8203, 60903.586]
  ----   DEBUG: epoch: 0.004, 29/16556, elapsed: 22.7s [948537.75, 157.07666, 1480.6641, 256.39935, 3052.1694, 60520.906]
  ----   DEBUG: epoch: 0.005, 39/16556, elapsed: 22.9s [849649.56, 136.55499, 1116.5635, 239.31369, 2720.4448, 57114.918]
  ----   DEBUG: epoch: 0.006, 49/16556, elapsed: 22.7s [836540.88, 119.19228, 1238.1069, 241.96158, 2928.3918, 51170.082]
  ----   DEBUG: epoch: 0.007, 59/16556, elapsed: 22.6s [786864.5, 109.88298, 1171.9603, 217.73734, 2777.1282, 47892.48]
  ----   DEBUG: epoch: 0.008, 69/16556, elapsed: 22.8s [797633.19, 111.12402, 1005.1744, 208.09502, 2534.8076, 54895.074]
  ----   DEBUG: epoch: 0.010, 79/16556, elapsed: 22.8s [810198.38, 113.17134, 1007.4124, 199.6552, 2341.9258, 59197.586]
  ----   DEBUG: epoch: 0.011, 89/16556, elapsed: 23.0s [754107.06, 117.68585, 884.88074, 204.5498, 2119.1914, 56196.836]
  ----   DEBUG: epoch: 0.012, 99/16556, elapsed: 22.8s [722806.0, 113.74593, 832.58234, 187.54663, 2317.4746, 50356.141]
  ----   DEBUG: epoch: 0.013, 109/16556, elapsed: 22.3s [741135.19, 118.3624, 820.27783, 199.66611, 2829.5259, 45913.598]
  ----   DEBUG: epoch: 0.014, 119/16556, elapsed: 22.9s [770584.25, 115.3562, 878.07306, 193.88876, 2579.2419, 52523.762]
  ----   DEBUG: epoch: 0.016, 129/16556, elapsed: 22.8s [749653.5, 108.80116, 856.66229, 187.32036, 2372.9399, 52944.148]
  ----   DEBUG: epoch: 0.017, 139/16556, elapsed: 22.8s [717354.81, 108.99483, 889.06232, 195.08102, 2281.4263, 49319.785]
  ----   DEBUG: epoch: 0.018, 149/16556, elapsed: 23.0s [724959.12, 104.97092, 929.45428, 182.30667, 2234.0073, 50651.355]
  ----   DEBUG: epoch: 0.019, 159/16556, elapsed: 22.8s [681290.25, 110.04121, 774.13953, 169.39264, 2187.3984, 47625.742]
  ----   DEBUG: epoch: 0.020, 169/16556, elapsed: 22.7s [780626.12, 104.51182, 893.22382, 172.60904, 2306.5435, 57724.98]
  ----   DEBUG: epoch: 0.022, 179/16556, elapsed: 22.8s [714083.56, 110.69051, 853.38379, 159.73566, 2169.1047, 51305.613]
  ----   DEBUG: epoch: 0.023, 189/16556, elapsed: 22.8s [660097.62, 109.61379, 787.08112, 163.27229, 1959.9489, 47747.465]
  ----   DEBUG: epoch: 0.024, 199/16556, elapsed: 22.8s [671159.0, 101.98781, 774.14453, 152.49442, 1955.4896, 49699.648]
  ----   DEBUG: epoch: 0.025, 209/16556, elapsed: 22.3s [670142.38, 116.99109, 775.32263, 164.67194, 2086.8794, 47434.117]
  ----   DEBUG: epoch: 0.026, 219/16556, elapsed: 22.7s [665398.88, 109.69057, 774.33716, 165.28024, 1742.6139, 51494.23]
  ----   DEBUG: epoch: 0.028, 229/16556, elapsed: 22.8s [643984.56, 100.25224, 802.31952, 148.28638, 1823.5647, 47538.973]
  ----   DEBUG: epoch: 0.029, 239/16556, elapsed: 22.8s [674172.0, 103.02802, 866.58545, 154.23148, 1898.5289, 49591.277]
  ----   DEBUG: epoch: 0.030, 249/16556, elapsed: 22.7s [638159.62, 104.78365, 728.88043, 154.73616, 1757.9324, 48470.184]
  ----   DEBUG: epoch: 0.031, 259/16556, elapsed: 22.9s [638374.62, 106.58076, 721.2644, 151.84673, 2070.4495, 44448.066]
  ----   DEBUG: epoch: 0.032, 269/16556, elapsed: 22.9s [608162.94, 119.36674, 736.31683, 146.38074, 1637.7596, 45890.738]
  ----   DEBUG: epoch: 0.034, 279/16556, elapsed: 22.9s [607868.62, 101.7002, 715.72693, 149.68156, 1833.0291, 43713.977]
  ----   DEBUG: epoch: 0.035, 289/16556, elapsed: 23.2s [622363.06, 102.59334, 771.46906, 143.99008, 1892.0996, 44179.711]
